[36m2017-01-01 12:07:12 [debug] haha[0m
2017-01-01 12:07:12 [info] Find pages: 2 
2017-01-01 12:07:12 [info] Waiting for collect pages: 2 
2017-01-01 12:07:12 [info] Collected pages:  
[36m2017-01-01 12:07:37 [debug] haha[0m
2017-01-01 12:07:37 [info] Find pages: 2 
2017-01-01 12:07:37 [info] Waiting for collect pages: 1 
2017-01-01 12:07:37 [info] Collected pages:  
[36m2017-01-01 12:08:02 [debug] haha[0m
2017-01-01 12:08:02 [info] Find pages: 2 
2017-01-01 12:08:02 [info] Waiting for collect pages: 2 
2017-01-01 12:08:02 [info] Collected pages:  
[36m2017-01-01 12:08:02 [debug] haha[0m
2017-01-01 12:08:02 [info] Find pages: 2 
2017-01-01 12:08:02 [info] Waiting for collect pages: 1 
2017-01-01 12:08:02 [info] Collected pages:  
[36m2017-01-01 12:10:41 [debug] haha[0m
2017-01-01 12:10:41 [info] Find pages: 2 
2017-01-01 12:10:41 [info] Waiting for collect pages: 2 
2017-01-01 12:10:41 [info] Collected pages:  
[36m2017-01-01 12:10:53 [debug] haha[0m
2017-01-01 12:10:53 [info] Find pages: 2 
2017-01-01 12:10:53 [info] Waiting for collect pages: 1 
2017-01-01 12:10:53 [info] Collected pages:  
[36m2017-01-01 12:11:04 [debug] haha[0m
2017-01-01 12:11:04 [info] Find pages: 2 
2017-01-01 12:11:04 [info] Waiting for collect pages: 2 
2017-01-01 12:11:04 [info] Collected pages:  
[36m2017-01-01 12:11:04 [debug] haha[0m
2017-01-01 12:11:04 [info] Find pages: 2 
2017-01-01 12:11:04 [info] Waiting for collect pages: 1 
2017-01-01 12:11:04 [info] Collected pages: 1 
[36m2017-01-01 12:22:05 [debug] haha[0m
2017-01-01 12:22:05 [info] Find pages: 2 
2017-01-01 12:22:05 [info] Waiting for collect pages: 2 
2017-01-01 12:22:05 [info] Collected pages:  
[36m2017-01-01 12:23:47 [debug] haha[0m
2017-01-01 12:23:47 [info] Find pages: 2 
2017-01-01 12:23:47 [info] Waiting for collect pages: 1 
2017-01-01 12:23:47 [info] Collected pages: 1 
[36m2017-01-01 12:25:03 [debug] haha[0m
2017-01-01 12:25:03 [info] Find pages: 2 
2017-01-01 12:25:03 [info] Waiting for collect pages: 2 
2017-01-01 12:25:03 [info] Collected pages:  
[36m2017-01-01 12:26:23 [debug] haha[0m
2017-01-01 12:26:23 [info] Find pages: 2 
2017-01-01 12:26:24 [info] Waiting for collect pages: 2 
2017-01-01 12:26:24 [info] Collected pages:  
[36m2017-01-01 12:26:24 [debug] haha[0m
2017-01-01 12:26:24 [info] Find pages: 2 
2017-01-01 12:26:24 [info] Waiting for collect pages: 1 
2017-01-01 12:26:24 [info] Collected pages: 1 
[36m2017-01-01 12:27:19 [debug] haha[0m
2017-01-01 12:27:19 [info] Find pages: 2 
2017-01-01 12:27:19 [info] Waiting for collect pages: 2 
2017-01-01 12:27:19 [info] Collected pages:  
[36m2017-01-01 12:27:21 [debug] haha[0m
2017-01-01 12:27:21 [info] Find pages: 2 
2017-01-01 12:27:21 [info] Waiting for collect pages: 1 
2017-01-01 12:27:21 [info] Collected pages: 1 
[36m2017-01-01 12:27:56 [debug] haha[0m
2017-01-01 12:27:56 [info] Find pages: 2 
2017-01-01 12:27:56 [info] Waiting for collect pages: 2 
2017-01-01 12:27:56 [info] Collected pages:  
[36m2017-01-01 12:27:58 [debug] haha[0m
2017-01-01 12:27:58 [info] Find pages: 2 
2017-01-01 12:27:58 [info] Waiting for collect pages: 1 
2017-01-01 12:27:58 [info] Collected pages: 1 
[36m2017-01-01 12:28:49 [debug] haha[0m
2017-01-01 12:28:49 [info] Find pages: 2 
2017-01-01 12:28:49 [info] Waiting for collect pages: 2 
2017-01-01 12:28:49 [info] Collected pages:  
[36m2017-01-01 12:28:50 [debug] haha[0m
2017-01-01 12:28:50 [info] Find pages: 2 
2017-01-01 12:28:50 [info] Waiting for collect pages: 1 
2017-01-01 12:28:50 [info] Collected pages: 1 
